2026-04-03 12:35:40,018 - INFO - File not found. Starting with empty data.
2026-04-03 12:35:40,019 - INFO - Data saved successfully
2026-04-03 12:35:40,019 - INFO - Student added: Ai (ID: 1)
2026-04-03 12:35:40,020 - INFO - Data loaded successfully
2026-04-03 12:35:40,021 - INFO - Data saved successfully
2026-04-03 12:35:40,021 - INFO - Student added: Ajo (ID: 2)
2026-04-03 12:35:40,022 - INFO - Data loaded successfully
2026-04-03 12:35:40,023 - INFO - Data saved successfully
2026-04-03 12:35:40,023 - INFO - Student added: Ne/Ju (ID: 3)
2026-04-03 12:35:40,024 - INFO - Data loaded successfully
2026-04-03 12:35:40,024 - INFO - Data saved successfully
2026-04-03 12:35:40,026 - INFO - Data loaded successfully
2026-04-03 12:35:40,026 - INFO - Data saved successfully
2026-04-03 12:35:40,027 - INFO - Data loaded successfully
2026-04-03 12:35:40,028 - INFO - Data saved successfully
2026-04-03 12:35:40,029 - INFO - Data loaded successfully
2026-04-03 12:35:40,029 - INFO - Data saved successfully
2026-04-03 12:35:40,030 - INFO - Data loaded successfully
2026-04-03 12:35:40,030 - INFO - Data saved successfully
2026-04-03 12:35:40,031 - INFO - Data loaded successfully
2026-04-03 12:35:40,032 - INFO - Data saved successfully
2026-04-03 12:35:40,032 - INFO - Grade 90 added for student 1
2026-04-03 12:35:40,033 - INFO - Data loaded successfully
2026-04-03 12:35:40,033 - INFO - Data saved successfully
2026-04-03 12:35:40,033 - INFO - Grade 85 added for student 1
2026-04-03 12:35:40,034 - INFO - Data loaded successfully
2026-04-03 12:35:40,035 - INFO - Data saved successfully
2026-04-03 12:35:40,035 - INFO - Grade 75 added for student 2
2026-04-03 12:35:40,036 - INFO - Data loaded successfully
2026-04-03 12:35:40,036 - INFO - Data saved successfully
2026-04-03 12:35:40,036 - INFO - Grade 88 added for student 3
2026-04-03 12:35:40,038 - INFO - Data loaded successfully
2026-04-03 12:35:40,038 - INFO - Data saved successfully
2026-04-03 12:35:40,038 - INFO - Grade 92 added for student 3
2026-04-03 12:36:06,347 - INFO - Data loaded successfully
2026-04-03 12:36:06,348 - INFO - Data saved successfully
2026-04-03 12:36:06,348 - INFO - Student added: Filan (ID: 4)
2026-04-03 12:37:01,949 - INFO - Data loaded successfully
2026-04-03 12:37:01,950 - INFO - Data saved successfully
2026-04-03 12:37:13,876 - INFO - Data loaded successfully
2026-04-03 12:37:13,877 - INFO - Data saved successfully
2026-04-03 12:37:22,770 - INFO - Data loaded successfully
2026-04-03 12:37:22,771 - INFO - Data saved successfully
2026-04-03 12:37:22,771 - INFO - Grade 95 added for student 1
2026-04-03 12:37:30,435 - INFO - Data loaded successfully
2026-04-03 12:37:40,168 - INFO - Data loaded successfully
2026-04-03 12:37:49,946 - INFO - Data loaded successfully
2026-04-03 12:38:05,220 - INFO - Data loaded successfully
2026-04-03 12:38:14,178 - INFO - Data loaded successfully
2026-04-03 12:38:28,605 - INFO - Data loaded successfully
2026-04-03 12:38:35,782 - INFO - Data loaded successfully
